<?xml version="1.0" encoding="UTF-8"?>
<!-- Generated by org.testng.reporters.JUnitReportReporter -->
<testsuite hostname="INLEN8520065665" failures="0" tests="1" name="cucumberOptions.TestNgRunner" time="35.508" errors="0" timestamp="2024-11-07T11:27:40 IST" skipped="0">
  <testcase classname="cucumberOptions.TestNgRunner" name="runScenario" time="35.508"/>
</testsuite> <!-- cucumberOptions.TestNgRunner -->
