<?xml version="1.0" encoding="UTF-8"?>
<!-- Generated by org.testng.reporters.JUnitReportReporter -->
<testsuite hostname="INLEN8520066243" failures="0" tests="1" name="cucumberOptions.TestNgRunner" time="33.216" errors="0" timestamp="2024-11-07T11:36:05 IST" skipped="0">
  <testcase classname="cucumberOptions.TestNgRunner" name="runScenario" time="33.216"/>
</testsuite> <!-- cucumberOptions.TestNgRunner -->
